justitia timer
this is  SynBlockData
this is justitia part


Please open web browser to access ：http://0.0.0.0:8080/


pid is 37190


justitia timer
this is  SynBlockData
justitia timer
this is  SynBlockData
justitia timer
this is  SynBlockData
justitia timer
this is  SynBlockData
justitia timer
this is  SynBlockData
justitia timer
this is  SynBlockData
justitia timer
this is  SynBlockData
justitia timer
this is  SynBlockData
justitia timer
this is  SynBlockData
justitia timer
this is  SynBlockData
justitia timer
this is  SynBlockData
justitia timer
this is  SynBlockData
justitia timer
this is  SynBlockData
justitia timer
this is  SynBlockData
justitia timer
this is  SynBlockData
justitia timer
this is  SynBlockData
justitia timer
this is  SynBlockData
justitia timer
this is  SynBlockData
justitia timer
this is  SynBlockData
justitia timer
this is  SynBlockData
justitia timer
this is  SynBlockData
justitia timer
this is  SynBlockData
justitia timer
this is  SynBlockData
justitia timer
this is  SynBlockData
justitia timer
this is  SynBlockData
justitia timer
this is  SynBlockData
justitia timer
this is  SynBlockData
justitia timer
this is  SynBlockData
justitia timer
this is  SynBlockData
justitia timer
this is  SynBlockData
justitia timer
this is  SynBlockData
justitia timer
this is  SynBlockData
justitia timer
this is  SynBlockData
this is justitia part


Please open web browser to access ：http://0.0.0.0:8080/


pid is 85482


justitia timer
this is  SynBlockData
justitia timer
this is  SynBlockData
justitia timer
this is  SynBlockData
justitia timer
this is  SynBlockData
