[2018-10-14 10:12:27.411] [INFO] main - Please set logger.setLevel to DEBUG in ./app/helper.js to log the debugging.
[2018-10-14 10:12:38.729] [ERROR] metricservice - TypeError: this.getChannelCount is not a function
    at MetricService.getStatusGenerate (/opt/bl/blockchain-explorer/app/persistence/postgreSQL/MetricService.js:93:35)
    at <anonymous>
    at process._tickCallback (internal/process/next_tick.js:188:7)
[2018-10-14 10:14:38.558] [ERROR] metricservice - TypeError: this.getChannelCount is not a function
    at MetricService.getStatusGenerate (/opt/bl/blockchain-explorer/app/persistence/postgreSQL/MetricService.js:93:35)
    at <anonymous>
    at process._tickCallback (internal/process/next_tick.js:188:7)
[2018-10-14 10:14:58.128] [ERROR] metricservice - TypeError: this.getChannelCount is not a function
    at MetricService.getStatusGenerate (/opt/bl/blockchain-explorer/app/persistence/postgreSQL/MetricService.js:93:35)
    at <anonymous>
    at process._tickCallback (internal/process/next_tick.js:188:7)
[2018-10-14 10:16:10.720] [INFO] main - Please set logger.setLevel to DEBUG in ./app/helper.js to log the debugging.
[2018-10-14 10:22:01.852] [INFO] main - Please set logger.setLevel to DEBUG in ./app/helper.js to log the debugging.
[2018-10-14 15:29:57.415] [INFO] main - Please set logger.setLevel to DEBUG in ./app/helper.js to log the debugging.
[2018-10-14 15:35:08.729] [INFO] main - Please set logger.setLevel to DEBUG in ./app/helper.js to log the debugging.
[2018-10-14 16:28:59.734] [INFO] main - Please set logger.setLevel to DEBUG in ./app/helper.js to log the debugging.
[2018-10-14 16:31:02.051] [INFO] main - Please set logger.setLevel to DEBUG in ./app/helper.js to log the debugging.
[2018-10-14 16:33:50.047] [INFO] main - Please set logger.setLevel to DEBUG in ./app/helper.js to log the debugging.
[2018-10-14 17:29:28.323] [INFO] main - Please set logger.setLevel to DEBUG in ./app/helper.js to log the debugging.
[2018-10-14 20:20:48.957] [INFO] main - Please set logger.setLevel to DEBUG in ./app/helper.js to log the debugging.
[2018-10-14 20:37:19.831] [INFO] main - Please set logger.setLevel to DEBUG in ./app/helper.js to log the debugging.
[2018-10-14 20:43:24.044] [INFO] main - Please set logger.setLevel to DEBUG in ./app/helper.js to log the debugging.
[2018-10-14 20:45:41.518] [INFO] main - Please set logger.setLevel to DEBUG in ./app/helper.js to log the debugging.
[2018-10-14 20:45:45.998] [ERROR] metricservice - TypeError: Cannot read property 'length' of null
    at MetricService.getNodeData (/opt/blockchain-explorer/app/persistence/postgreSQL/MetricService.js:42:30)
    at <anonymous>
    at process._tickCallback (internal/process/next_tick.js:188:7)
[2018-10-14 20:45:46.011] [ERROR] metricservice - TypeError: Cannot read property 'length' of null
    at MetricService.getNodeData (/opt/blockchain-explorer/app/persistence/postgreSQL/MetricService.js:42:30)
    at <anonymous>
    at process._tickCallback (internal/process/next_tick.js:188:7)
[2018-10-14 21:08:59.856] [INFO] main - Please set logger.setLevel to DEBUG in ./app/helper.js to log the debugging.
[2018-10-14 21:11:02.316] [INFO] main - Please set logger.setLevel to DEBUG in ./app/helper.js to log the debugging.
[2018-10-14 21:11:02.895] [ERROR] metricservice - TypeError: Cannot read property 'length' of null
    at MetricService.getNodeData (/opt/blockchain-explorer/app/persistence/postgreSQL/MetricService.js:42:30)
    at <anonymous>
    at process._tickCallback (internal/process/next_tick.js:188:7)
[2018-10-14 21:11:02.897] [ERROR] metricservice - TypeError: Cannot read property 'length' of null
    at MetricService.getNodeData (/opt/blockchain-explorer/app/persistence/postgreSQL/MetricService.js:42:30)
    at <anonymous>
    at process._tickCallback (internal/process/next_tick.js:188:7)
[2018-10-14 21:11:09.450] [ERROR] metricservice - TypeError: Cannot read property 'length' of null
    at MetricService.getNodeData (/opt/blockchain-explorer/app/persistence/postgreSQL/MetricService.js:42:30)
    at <anonymous>
    at process._tickCallback (internal/process/next_tick.js:188:7)
[2018-10-14 21:11:09.459] [ERROR] metricservice - TypeError: Cannot read property 'length' of null
    at MetricService.getNodeData (/opt/blockchain-explorer/app/persistence/postgreSQL/MetricService.js:42:30)
    at <anonymous>
    at process._tickCallback (internal/process/next_tick.js:188:7)
[2018-10-14 21:11:18.522] [ERROR] metricservice - TypeError: Cannot read property 'length' of null
    at MetricService.getNodeData (/opt/blockchain-explorer/app/persistence/postgreSQL/MetricService.js:42:30)
    at <anonymous>
    at process._tickCallback (internal/process/next_tick.js:188:7)
[2018-10-14 21:11:18.578] [ERROR] metricservice - TypeError: Cannot read property 'length' of null
    at MetricService.getNodeData (/opt/blockchain-explorer/app/persistence/postgreSQL/MetricService.js:42:30)
    at <anonymous>
    at process._tickCallback (internal/process/next_tick.js:188:7)
[2018-10-14 21:11:30.442] [ERROR] metricservice - TypeError: Cannot read property 'length' of null
    at MetricService.getNodeData (/opt/blockchain-explorer/app/persistence/postgreSQL/MetricService.js:42:30)
    at <anonymous>
    at process._tickCallback (internal/process/next_tick.js:188:7)
[2018-10-14 21:11:30.446] [ERROR] metricservice - TypeError: Cannot read property 'length' of null
    at MetricService.getNodeData (/opt/blockchain-explorer/app/persistence/postgreSQL/MetricService.js:42:30)
    at <anonymous>
    at process._tickCallback (internal/process/next_tick.js:188:7)
[2018-10-14 21:12:05.396] [ERROR] metricservice - TypeError: Cannot read property 'length' of null
    at MetricService.getNodeData (/opt/blockchain-explorer/app/persistence/postgreSQL/MetricService.js:42:30)
    at <anonymous>
    at process._tickCallback (internal/process/next_tick.js:188:7)
[2018-10-14 21:12:05.448] [ERROR] metricservice - TypeError: Cannot read property 'length' of null
    at MetricService.getNodeData (/opt/blockchain-explorer/app/persistence/postgreSQL/MetricService.js:42:30)
    at <anonymous>
    at process._tickCallback (internal/process/next_tick.js:188:7)
[2018-10-14 21:12:26.748] [ERROR] metricservice - TypeError: Cannot read property 'length' of null
    at MetricService.getNodeData (/opt/blockchain-explorer/app/persistence/postgreSQL/MetricService.js:42:30)
    at <anonymous>
    at process._tickCallback (internal/process/next_tick.js:188:7)
[2018-10-14 21:12:26.803] [ERROR] metricservice - TypeError: Cannot read property 'length' of null
    at MetricService.getNodeData (/opt/blockchain-explorer/app/persistence/postgreSQL/MetricService.js:42:30)
    at <anonymous>
    at process._tickCallback (internal/process/next_tick.js:188:7)
[2018-10-14 21:13:28.869] [ERROR] metricservice - TypeError: Cannot read property 'length' of null
    at MetricService.getNodeData (/opt/blockchain-explorer/app/persistence/postgreSQL/MetricService.js:42:30)
    at <anonymous>
    at process._tickCallback (internal/process/next_tick.js:188:7)
[2018-10-14 21:13:28.971] [ERROR] metricservice - TypeError: Cannot read property 'length' of null
    at MetricService.getNodeData (/opt/blockchain-explorer/app/persistence/postgreSQL/MetricService.js:42:30)
    at <anonymous>
    at process._tickCallback (internal/process/next_tick.js:188:7)
[2018-10-14 21:13:38.783] [ERROR] synData - TypeError: Cannot read property 'firstTxTimestamp' of undefined
    at SynData.saveTransactions (/opt/blockchain-explorer/app/explorer/backend/justitia/SynData.js:45:36)
    at SynData.saveBlockRange (/opt/blockchain-explorer/app/explorer/backend/justitia/SynData.js:40:16)
    at SynData.getBlockByNumber (/opt/blockchain-explorer/app/explorer/backend/justitia/SynData.js:97:20)
    at <anonymous>
    at process._tickCallback (internal/process/next_tick.js:188:7)
[2018-10-14 21:13:38.821] [ERROR] synData - TypeError: Cannot read property 'firstTxTimestamp' of undefined
    at SynData.saveTransactions (/opt/blockchain-explorer/app/explorer/backend/justitia/SynData.js:45:36)
    at SynData.saveBlockRange (/opt/blockchain-explorer/app/explorer/backend/justitia/SynData.js:40:16)
    at SynData.getBlockByNumber (/opt/blockchain-explorer/app/explorer/backend/justitia/SynData.js:97:20)
    at <anonymous>
    at process._tickCallback (internal/process/next_tick.js:188:7)
[2018-10-14 21:15:30.319] [INFO] main - Please set logger.setLevel to DEBUG in ./app/helper.js to log the debugging.
[2018-10-14 21:16:28.296] [ERROR] metricservice - TypeError: Cannot read property 'length' of null
    at MetricService.getNodeData (/opt/blockchain-explorer/app/persistence/postgreSQL/MetricService.js:42:30)
    at <anonymous>
    at process._tickCallback (internal/process/next_tick.js:188:7)
[2018-10-14 21:16:28.524] [ERROR] metricservice - TypeError: Cannot read property 'length' of null
    at MetricService.getNodeData (/opt/blockchain-explorer/app/persistence/postgreSQL/MetricService.js:42:30)
    at <anonymous>
    at process._tickCallback (internal/process/next_tick.js:188:7)
[2018-10-14 21:17:28.368] [ERROR] metricservice - TypeError: Cannot read property 'length' of null
    at MetricService.getNodeData (/opt/blockchain-explorer/app/persistence/postgreSQL/MetricService.js:42:30)
    at <anonymous>
    at process._tickCallback (internal/process/next_tick.js:188:7)
[2018-10-14 21:17:28.796] [ERROR] metricservice - TypeError: Cannot read property 'length' of null
    at MetricService.getNodeData (/opt/blockchain-explorer/app/persistence/postgreSQL/MetricService.js:42:30)
    at <anonymous>
    at process._tickCallback (internal/process/next_tick.js:188:7)
[2018-10-14 21:18:28.712] [ERROR] metricservice - TypeError: Cannot read property 'length' of null
    at MetricService.getNodeData (/opt/blockchain-explorer/app/persistence/postgreSQL/MetricService.js:42:30)
    at <anonymous>
    at process._tickCallback (internal/process/next_tick.js:188:7)
[2018-10-14 21:18:29.064] [ERROR] metricservice - TypeError: Cannot read property 'length' of null
    at MetricService.getNodeData (/opt/blockchain-explorer/app/persistence/postgreSQL/MetricService.js:42:30)
    at <anonymous>
    at process._tickCallback (internal/process/next_tick.js:188:7)
[2018-10-14 21:19:27.671] [ERROR] synData - TypeError: Cannot read property 'firstTxTimestamp' of undefined
    at SynData.saveTransactions (/opt/blockchain-explorer/app/explorer/backend/justitia/SynData.js:45:36)
    at SynData.saveBlockRange (/opt/blockchain-explorer/app/explorer/backend/justitia/SynData.js:40:16)
    at SynData.getBlockByNumber (/opt/blockchain-explorer/app/explorer/backend/justitia/SynData.js:97:20)
    at <anonymous>
    at process._tickCallback (internal/process/next_tick.js:188:7)
[2018-10-14 21:19:27.709] [ERROR] synData - TypeError: Cannot read property 'firstTxTimestamp' of undefined
    at SynData.saveTransactions (/opt/blockchain-explorer/app/explorer/backend/justitia/SynData.js:45:36)
    at SynData.saveBlockRange (/opt/blockchain-explorer/app/explorer/backend/justitia/SynData.js:40:16)
    at SynData.getBlockByNumber (/opt/blockchain-explorer/app/explorer/backend/justitia/SynData.js:97:20)
    at <anonymous>
    at process._tickCallback (internal/process/next_tick.js:188:7)
[2018-10-14 21:26:44.897] [INFO] main - Please set logger.setLevel to DEBUG in ./app/helper.js to log the debugging.
